ISim log file
Running: D:\works\computer organization\p8\P8_L0_timer\p8_final_CPU\mips_tb_isim_beh.exe -intstyle ise -gui -tclbatch isim.cmd -wdb D:/works/computer organization/p8/P8_L0_timer/p8_final_CPU/mips_tb_isim_beh.wdb 
ISim P.20131013 (signature 0x7708f090)
This is a Full version of ISim.
Time resolution is 1 ps
# onerror resume
# wave add /
# run 1000 ns
Simulator is doing circuit initialization process.
 Block Memory Generator CORE Generator module loading initial data...
 Block Memory Generator data initialization complete.
Block Memory Generator CORE Generator module mips_tb.uut.IM.inst.\native_mem_mapped_module.blk_mem_gen_v7_3_inst  is using a behavioral model for simulation which will not precisely model memory collision behavior.
Block Memory Generator CORE Generator module mips_tb.uut.DM.inst.\native_mem_mapped_module.blk_mem_gen_v7_3_inst  is using a behavioral model for simulation which will not precisely model memory collision behavior.
Finished circuit initialization process.
blk_mem_gen_v7_3 WARNING: Address fc4 is outside range for A Read
blk_mem_gen_v7_3 WARNING: Address fc4 is outside range for A Read
blk_mem_gen_v7_3 WARNING: Address fd4 is outside range for A Read
blk_mem_gen_v7_3 WARNING: Address fd4 is outside range for A Read
blk_mem_gen_v7_3 WARNING: Address fc0 is outside range for A Read
blk_mem_gen_v7_3 WARNING: Address fc0 is outside range for A Read
blk_mem_gen_v7_3 WARNING: Address fd0 is outside range for A Read
blk_mem_gen_v7_3 WARNING: Address fd0 is outside range for A Read
blk_mem_gen_v7_3 WARNING: Address fd4 is outside range for A Read
blk_mem_gen_v7_3 WARNING: Address fd4 is outside range for A Read
blk_mem_gen_v7_3 WARNING: Address fff is outside range for A Read
# restart
# run 1.00us
Simulator is doing circuit initialization process.
 Block Memory Generator CORE Generator module loading initial data...
 Block Memory Generator data initialization complete.
Block Memory Generator CORE Generator module mips_tb.uut.IM.inst.\native_mem_mapped_module.blk_mem_gen_v7_3_inst  is using a behavioral model for simulation which will not precisely model memory collision behavior.
Block Memory Generator CORE Generator module mips_tb.uut.DM.inst.\native_mem_mapped_module.blk_mem_gen_v7_3_inst  is using a behavioral model for simulation which will not precisely model memory collision behavior.
Finished circuit initialization process.
blk_mem_gen_v7_3 WARNING: Address fc4 is outside range for A Read
blk_mem_gen_v7_3 WARNING: Address fc4 is outside range for A Read
blk_mem_gen_v7_3 WARNING: Address fd4 is outside range for A Read
blk_mem_gen_v7_3 WARNING: Address fd4 is outside range for A Read
blk_mem_gen_v7_3 WARNING: Address fc0 is outside range for A Read
blk_mem_gen_v7_3 WARNING: Address fc0 is outside range for A Read
blk_mem_gen_v7_3 WARNING: Address fd0 is outside range for A Read
blk_mem_gen_v7_3 WARNING: Address fd0 is outside range for A Read
blk_mem_gen_v7_3 WARNING: Address fd4 is outside range for A Read
blk_mem_gen_v7_3 WARNING: Address fd4 is outside range for A Read
blk_mem_gen_v7_3 WARNING: Address fff is outside range for A Read
# restart
# run 1.00us
Simulator is doing circuit initialization process.
 Block Memory Generator CORE Generator module loading initial data...
 Block Memory Generator data initialization complete.
Block Memory Generator CORE Generator module mips_tb.uut.IM.inst.\native_mem_mapped_module.blk_mem_gen_v7_3_inst  is using a behavioral model for simulation which will not precisely model memory collision behavior.
Block Memory Generator CORE Generator module mips_tb.uut.DM.inst.\native_mem_mapped_module.blk_mem_gen_v7_3_inst  is using a behavioral model for simulation which will not precisely model memory collision behavior.
Finished circuit initialization process.
blk_mem_gen_v7_3 WARNING: Address fc4 is outside range for A Read
blk_mem_gen_v7_3 WARNING: Address fc4 is outside range for A Read
blk_mem_gen_v7_3 WARNING: Address fd4 is outside range for A Read
blk_mem_gen_v7_3 WARNING: Address fd4 is outside range for A Read
blk_mem_gen_v7_3 WARNING: Address fc0 is outside range for A Read
blk_mem_gen_v7_3 WARNING: Address fc0 is outside range for A Read
blk_mem_gen_v7_3 WARNING: Address fd0 is outside range for A Read
blk_mem_gen_v7_3 WARNING: Address fd0 is outside range for A Read
blk_mem_gen_v7_3 WARNING: Address fd4 is outside range for A Read
blk_mem_gen_v7_3 WARNING: Address fd4 is outside range for A Read
blk_mem_gen_v7_3 WARNING: Address fff is outside range for A Read
# restart
# run all
Simulator is doing circuit initialization process.
 Block Memory Generator CORE Generator module loading initial data...
 Block Memory Generator data initialization complete.
Block Memory Generator CORE Generator module mips_tb.uut.IM.inst.\native_mem_mapped_module.blk_mem_gen_v7_3_inst  is using a behavioral model for simulation which will not precisely model memory collision behavior.
Block Memory Generator CORE Generator module mips_tb.uut.DM.inst.\native_mem_mapped_module.blk_mem_gen_v7_3_inst  is using a behavioral model for simulation which will not precisely model memory collision behavior.
Finished circuit initialization process.
Stopped at time : 485 ns : File "D:/works/computer organization/p8/P8_L0_timer/p8_final_CPU/mips_tb.v" Line 98
# run 1.00us
blk_mem_gen_v7_3 WARNING: Address fc4 is outside range for A Read
blk_mem_gen_v7_3 WARNING: Address fc4 is outside range for A Read
blk_mem_gen_v7_3 WARNING: Address fd4 is outside range for A Read
blk_mem_gen_v7_3 WARNING: Address fd4 is outside range for A Read
blk_mem_gen_v7_3 WARNING: Address fc0 is outside range for A Read
blk_mem_gen_v7_3 WARNING: Address fc0 is outside range for A Read
blk_mem_gen_v7_3 WARNING: Address fd0 is outside range for A Read
blk_mem_gen_v7_3 WARNING: Address fd0 is outside range for A Read
blk_mem_gen_v7_3 WARNING: Address fd4 is outside range for A Read
blk_mem_gen_v7_3 WARNING: Address fd4 is outside range for A Read
blk_mem_gen_v7_3 WARNING: Address fff is outside range for A Read
blk_mem_gen_v7_3 WARNING: Address fff is outside range for A Read
blk_mem_gen_v7_3 WARNING: Address fc0 is outside range for A Read
blk_mem_gen_v7_3 WARNING: Address fc0 is outside range for A Read
ISim P.20131013 (signature 0x7708f090)
This is a Full version of ISim.
# run 1000 ns
Simulator is doing circuit initialization process.
 Block Memory Generator CORE Generator module loading initial data...
 Block Memory Generator data initialization complete.
Block Memory Generator CORE Generator module mips_tb.uut.IM.inst.\native_mem_mapped_module.blk_mem_gen_v7_3_inst  is using a behavioral model for simulation which will not precisely model memory collision behavior.
Block Memory Generator CORE Generator module mips_tb.uut.DM.inst.\native_mem_mapped_module.blk_mem_gen_v7_3_inst  is using a behavioral model for simulation which will not precisely model memory collision behavior.
Finished circuit initialization process.
blk_mem_gen_v7_3 WARNING: Address fc4 is outside range for A Read
blk_mem_gen_v7_3 WARNING: Address fc4 is outside range for A Read
blk_mem_gen_v7_3 WARNING: Address fd4 is outside range for A Read
blk_mem_gen_v7_3 WARNING: Address fd4 is outside range for A Read
blk_mem_gen_v7_3 WARNING: Address fc0 is outside range for A Read
blk_mem_gen_v7_3 WARNING: Address fc0 is outside range for A Read
blk_mem_gen_v7_3 WARNING: Address fd0 is outside range for A Read
blk_mem_gen_v7_3 WARNING: Address fd0 is outside range for A Read
blk_mem_gen_v7_3 WARNING: Address fd4 is outside range for A Read
blk_mem_gen_v7_3 WARNING: Address fd4 is outside range for A Read
blk_mem_gen_v7_3 WARNING: Address fff is outside range for A Read
ISim P.20131013 (signature 0x7708f090)
This is a Full version of ISim.
# run 1000 ns
Simulator is doing circuit initialization process.
 Block Memory Generator CORE Generator module loading initial data...
 Block Memory Generator data initialization complete.
Block Memory Generator CORE Generator module mips_tb.uut.IM.inst.\native_mem_mapped_module.blk_mem_gen_v7_3_inst  is using a behavioral model for simulation which will not precisely model memory collision behavior.
Block Memory Generator CORE Generator module mips_tb.uut.DM.inst.\native_mem_mapped_module.blk_mem_gen_v7_3_inst  is using a behavioral model for simulation which will not precisely model memory collision behavior.
Finished circuit initialization process.
blk_mem_gen_v7_3 WARNING: Address fc4 is outside range for A Read
blk_mem_gen_v7_3 WARNING: Address fc4 is outside range for A Read
blk_mem_gen_v7_3 WARNING: Address fd4 is outside range for A Read
blk_mem_gen_v7_3 WARNING: Address fd4 is outside range for A Read
blk_mem_gen_v7_3 WARNING: Address fc0 is outside range for A Read
blk_mem_gen_v7_3 WARNING: Address fc0 is outside range for A Read
blk_mem_gen_v7_3 WARNING: Address fd0 is outside range for A Read
blk_mem_gen_v7_3 WARNING: Address fd0 is outside range for A Read
Stopped at time : 730 ns : File "D:/works/computer organization/p8/P8_L0_timer/p8_final_CPU/mips_tb.v" Line 98
# run all
Stopped at time : 770 ns : File "D:/works/computer organization/p8/P8_L0_timer/p8_final_CPU/mips_tb.v" Line 99
# run all
blk_mem_gen_v7_3 WARNING: Address fd4 is outside range for A Read
Stopped at time : 810 ns : File "D:/works/computer organization/p8/P8_L0_timer/p8_final_CPU/mips_tb.v" Line 100
# run all
blk_mem_gen_v7_3 WARNING: Address fd4 is outside range for A Read
Stopped at time : 850 ns : File "D:/works/computer organization/p8/P8_L0_timer/p8_final_CPU/mips_tb.v" Line 101
# restart
# run all
Simulator is doing circuit initialization process.
 Block Memory Generator CORE Generator module loading initial data...
 Block Memory Generator data initialization complete.
Block Memory Generator CORE Generator module mips_tb.uut.IM.inst.\native_mem_mapped_module.blk_mem_gen_v7_3_inst  is using a behavioral model for simulation which will not precisely model memory collision behavior.
Block Memory Generator CORE Generator module mips_tb.uut.DM.inst.\native_mem_mapped_module.blk_mem_gen_v7_3_inst  is using a behavioral model for simulation which will not precisely model memory collision behavior.
Finished circuit initialization process.
blk_mem_gen_v7_3 WARNING: Address fc4 is outside range for A Read
blk_mem_gen_v7_3 WARNING: Address fc4 is outside range for A Read
blk_mem_gen_v7_3 WARNING: Address fd4 is outside range for A Read
blk_mem_gen_v7_3 WARNING: Address fd4 is outside range for A Read
blk_mem_gen_v7_3 WARNING: Address fc0 is outside range for A Read
blk_mem_gen_v7_3 WARNING: Address fc0 is outside range for A Read
blk_mem_gen_v7_3 WARNING: Address fd0 is outside range for A Read
blk_mem_gen_v7_3 WARNING: Address fd0 is outside range for A Read
blk_mem_gen_v7_3 WARNING: Address fd4 is outside range for A Read
Stopped at time : 810 ns : File "D:/works/computer organization/p8/P8_L0_timer/p8_final_CPU/mips_tb.v" Line 100
# run all
blk_mem_gen_v7_3 WARNING: Address fd4 is outside range for A Read
Stopped at time : 850 ns : File "D:/works/computer organization/p8/P8_L0_timer/p8_final_CPU/mips_tb.v" Line 101
# run 1.00us
Stopped at time : 890 ns : File "D:/works/computer organization/p8/P8_L0_timer/p8_final_CPU/mips_tb.v" Line 102
# run 1.00us
blk_mem_gen_v7_3 WARNING: Address fff is outside range for A Read
blk_mem_gen_v7_3 WARNING: Address fff is outside range for A Read
blk_mem_gen_v7_3 WARNING: Address fc0 is outside range for A Read
blk_mem_gen_v7_3 WARNING: Address fc0 is outside range for A Read
blk_mem_gen_v7_3 WARNING: Address c20 is outside range for A Read
blk_mem_gen_v7_3 WARNING: Address c20 is outside range for A Read
blk_mem_gen_v7_3 WARNING: Address fc1 is outside range for A Read
blk_mem_gen_v7_3 WARNING: Address fc1 is outside range for A Read
blk_mem_gen_v7_3 WARNING: Address fc0 is outside range for A Read
blk_mem_gen_v7_3 WARNING: Address fc0 is outside range for A Read
blk_mem_gen_v7_3 WARNING: Address fd0 is outside range for A Read
blk_mem_gen_v7_3 WARNING: Address fd0 is outside range for A Read
blk_mem_gen_v7_3 WARNING: Address fd4 is outside range for A Read
