INFO:sim:172 - Generating IP...
Applying current project options...
Finished applying current project options.
WARNING:sim - A core named 'clk_CPU' already exists in the project. Output
   products for this core may be overwritten.
Resolving generics for 'clk_CPU'...
WARNING:sim - A core named 'clk_CPU' already exists in the project. Output
   products for this core may be overwritten.
Applying external generics to 'clk_CPU'...
Delivering associated files for 'clk_CPU'...
WARNING:sim - Component clk_wiz_v3_6 does not have a valid model name for
   Verilog synthesis
Delivering EJava files for 'clk_CPU'...
Delivered 3 files into directory D:/works/computer
organization/p8/p8_final_CPU/ipcore_dir/tmp/_cg/clk_CPU
Delivered 1 file into directory D:/works/computer
organization/p8/p8_final_CPU/ipcore_dir/tmp/_cg/clk_CPU
Generating ASY schematic symbol...
Loading device for application Rf_Device from file '6slx100.nph' in environment
C:\Xilinx\14.7\ISE_DS\ISE\.
INFO:sim:949 - Finished generation of ASY schematic symbol.
Generating SYM schematic symbol for 'clk_CPU'...
Generating ISE project...
XCO file found: clk_CPU.xco
XMDF file found: clk_CPU_xmdf.tcl
Adding D:/works/computer
organization/p8/p8_final_CPU/ipcore_dir/tmp/_cg/clk_CPU.asy -view all
-origin_type imported
Adding D:/works/computer
organization/p8/p8_final_CPU/ipcore_dir/tmp/_cg/clk_CPU.ucf -view all
-origin_type created
Adding D:/works/computer
organization/p8/p8_final_CPU/ipcore_dir/tmp/_cg/clk_CPU.v -view all -origin_type
created
INFO:HDLCompiler:1845 - Analyzing Verilog file "D:/works/computer
   organization/p8/p8_final_CPU/ipcore_dir/tmp/_cg/clk_CPU.v" into library work
INFO:ProjectMgmt - Parsing design hierarchy completed successfully.
Adding D:/works/computer
organization/p8/p8_final_CPU/ipcore_dir/tmp/_cg/clk_CPU.veo -view all
-origin_type imported
INFO:TclTasksC:2116 - The automatic calculation of top has been turned-off.
   Please set the new top explicitly by running the "project set top" command.
   To re-calculate the new top automatically, set the "Auto Implementation Top"
   property to true.
Top level has been set to "/clk_CPU"
Generating README file...
Generating FLIST file...
INFO:sim:948 - Finished FLIST file generation.
Launching README viewer...
Moving files to output directory...
Finished moving files to output directory
Wrote CGP file for project 'clk_CPU'.
